<?xml version="1.0" encoding="UTF-8"?>
<!-- Generated by org.testng.reporters.JUnitReportReporter -->
<testsuite hostname="Kumuads" failures="0" tests="1" name="testscripts.TC03_ActivityCreatedOnExistingCustomerTest" time="126.263" errors="0" timestamp="20 Apr 2022 09:37:47 GMT" skipped="0">
  <testcase classname="testscripts.TC03_ActivityCreatedOnExistingCustomerTest" name="activitycreatedonexistingcustomer" time="126.263"/>
</testsuite> <!-- testscripts.TC03_ActivityCreatedOnExistingCustomerTest -->
