<?xml version="1.0" encoding="UTF-8"?>
<!-- Generated by org.testng.reporters.JUnitReportReporter -->
<testsuite hostname="Kumuads" failures="0" tests="1" name="testcases.TC13_ToVerifyPaginationAndOrderByTest" time="44.590" errors="0" timestamp="14 Jun 2022 10:42:49 GMT" skipped="0">
  <testcase classname="testcases.TC13_ToVerifyPaginationAndOrderByTest" name="toVerifyPaginationAndOrderByTest" time="44.590"/>
</testsuite> <!-- testcases.TC13_ToVerifyPaginationAndOrderByTest -->
