<?xml version="1.0" encoding="UTF-8"?>
<!-- Generated by org.testng.reporters.JUnitReportReporter -->
<testsuite hostname="Kumuads" failures="0" tests="1" name="testcases.TC11_ToVerifyNewLeadCreatedTest" time="65.309" errors="0" timestamp="15 Jun 2022 06:01:13 GMT" skipped="0">
  <testcase classname="testcases.TC11_ToVerifyNewLeadCreatedTest" name="ToverifyNewLeadIsCreated" time="65.309"/>
</testsuite> <!-- testcases.TC11_ToVerifyNewLeadCreatedTest -->
