<?xml version="1.0" encoding="UTF-8"?>
<!-- Generated by org.testng.reporters.JUnitReportReporter -->
<testsuite hostname="Kumuads" failures="0" tests="1" name="testscripts.TC01a_ToverifyAccountCreationInvalidDataTest" time="225.631" errors="0" timestamp="27 May 2022 04:30:01 GMT" skipped="0">
  <testcase classname="testscripts.TC01a_ToverifyAccountCreationInvalidDataTest" name="tocreateaccount" time="225.631"/>
</testsuite> <!-- testscripts.TC01a_ToverifyAccountCreationInvalidDataTest -->
