<?xml version="1.0" encoding="UTF-8"?>
<!-- Generated by org.testng.reporters.JUnitReportReporter -->
<testsuite hostname="Kumuads" failures="0" tests="1" name="testcases.TC06_ToverifyActivityCreatedIndependentlyTest" time="110.170" errors="0" timestamp="10 Jun 2022 11:05:57 GMT" skipped="0">
  <testcase classname="testcases.TC06_ToverifyActivityCreatedIndependentlyTest" name="toverifyactivitycreatedindependent" time="110.170"/>
</testsuite> <!-- testcases.TC06_ToverifyActivityCreatedIndependentlyTest -->
