<?xml version="1.0" encoding="UTF-8"?>
<!-- Generated by org.testng.reporters.JUnitReportReporter -->
<testsuite hostname="Kumuads" failures="0" tests="1" name="testcases.TC11_ToverifyAppointmentCreatedOnLeadTest" time="101.737" errors="0" timestamp="23 Jun 2022 06:01:34 GMT" skipped="0">
  <testcase classname="testcases.TC11_ToverifyAppointmentCreatedOnLeadTest" name="ToverifyAppointmentCreatedOnLead" time="101.737"/>
</testsuite> <!-- testcases.TC11_ToverifyAppointmentCreatedOnLeadTest -->
