<?xml version="1.0" encoding="UTF-8"?>
<!-- Generated by org.testng.reporters.JUnitReportReporter -->
<testsuite hostname="Kumuads" failures="0" tests="1" name="testcases.TC13_ToverifyLeadHistoryPageTest" time="24.755" errors="0" timestamp="23 Jun 2022 06:01:34 GMT" skipped="0">
  <testcase classname="testcases.TC13_ToverifyLeadHistoryPageTest" name="ToverifyLeadHistoryPage" time="24.755"/>
</testsuite> <!-- testcases.TC13_ToverifyLeadHistoryPageTest -->
