<?xml version="1.0" encoding="UTF-8"?>
<!-- Generated by org.testng.reporters.JUnitReportReporter -->
<testsuite hostname="Kumuads" failures="0" tests="1" name="testscripts.TC01_ToVerifyAccountIsCreatedTest" time="148.188" errors="0" timestamp="02 May 2022 09:40:16 GMT" skipped="0">
  <testcase classname="testscripts.TC01_ToVerifyAccountIsCreatedTest" name="tocreateaccount" time="148.188"/>
</testsuite> <!-- testscripts.TC01_ToVerifyAccountIsCreatedTest -->
