<?xml version="1.0" encoding="UTF-8"?>
<!-- Generated by org.testng.reporters.JUnitReportReporter -->
<testsuite hostname="Kumuads" failures="0" tests="1" name="testscripts.TC02_AppointmentCreationTest" time="59.269" errors="0" timestamp="24 Apr 2022 10:03:03 GMT" skipped="0">
  <testcase classname="testscripts.TC02_AppointmentCreationTest" name="appointmentcreation" time="59.269"/>
</testsuite> <!-- testscripts.TC02_AppointmentCreationTest -->
