<?xml version="1.0" encoding="UTF-8"?>
<!-- Generated by org.testng.reporters.JUnitReportReporter -->
<testsuite hostname="Kumuads" failures="0" tests="1" name="testscripts.TC07_LeadSearchTest" time="71.165" errors="0" timestamp="10 Jun 2022 11:03:54 GMT" skipped="0">
  <testcase classname="testscripts.TC07_LeadSearchTest" name="verifyLeadSearch" time="71.165"/>
</testsuite> <!-- testscripts.TC07_LeadSearchTest -->
