<?xml version="1.0" encoding="UTF-8"?>
<!-- Generated by org.testng.reporters.JUnitReportReporter -->
<testsuite hostname="Kumuads" failures="0" tests="1" name="testcases.TC03_ToverifyActivityCreatedOnAccountTest" time="106.019" errors="0" timestamp="23 Jun 2022 06:01:34 GMT" skipped="0">
  <testcase classname="testcases.TC03_ToverifyActivityCreatedOnAccountTest" name="ToverifyActivityCreatedOnAccount" time="106.019"/>
</testsuite> <!-- testcases.TC03_ToverifyActivityCreatedOnAccountTest -->
