<?xml version="1.0" encoding="UTF-8"?>
<!-- Generated by org.testng.reporters.JUnitReportReporter -->
<testsuite hostname="Kumuads" failures="0" tests="1" name="testcases.TC07_ToverifyActivityCreatedIndependentlyTest" time="115.594" errors="0" timestamp="23 Jun 2022 06:01:34 GMT" skipped="0">
  <testcase classname="testcases.TC07_ToverifyActivityCreatedIndependentlyTest" name="ToverifyActivityCreatedIndependently" time="115.594"/>
</testsuite> <!-- testcases.TC07_ToverifyActivityCreatedIndependentlyTest -->
