<?xml version="1.0" encoding="UTF-8"?>
<!-- Generated by org.testng.reporters.JUnitReportReporter -->
<testsuite hostname="Kumuads" failures="0" tests="1" name="testcases.TC04_ToverifyNewOfferCreatedOnAccountTest" time="51.560" errors="0" timestamp="23 Jun 2022 06:01:34 GMT" skipped="0">
  <testcase classname="testcases.TC04_ToverifyNewOfferCreatedOnAccountTest" name="ToverifyNewOfferCreatedOnAccount" time="51.560"/>
</testsuite> <!-- testcases.TC04_ToverifyNewOfferCreatedOnAccountTest -->
