<?xml version="1.0" encoding="UTF-8"?>
<!-- Generated by org.testng.reporters.JUnitReportReporter -->
<testsuite hostname="Kumuads" failures="0" tests="1" name="testscripts.TC06_ToverifyOfferCreationTest" time="70.572" errors="0" timestamp="15 Jun 2022 05:12:56 GMT" skipped="0">
  <testcase classname="testscripts.TC06_ToverifyOfferCreationTest" name="toverifyOfferCreation" time="70.572"/>
</testsuite> <!-- testscripts.TC06_ToverifyOfferCreationTest -->
