<?xml version="1.0" encoding="UTF-8"?>
<!-- Generated by org.testng.reporters.JUnitReportReporter -->
<testsuite hostname="Kumuads" failures="0" tests="1" name="testcases.TC07_ToverifyCreatedActivityToBeEditedTest" time="143.506" errors="0" timestamp="10 Jun 2022 11:09:00 GMT" skipped="0">
  <testcase classname="testcases.TC07_ToverifyCreatedActivityToBeEditedTest" name="toverifycreatedactivityedited" time="143.506"/>
</testsuite> <!-- testcases.TC07_ToverifyCreatedActivityToBeEditedTest -->
