<?xml version="1.0" encoding="UTF-8"?>
<!-- Generated by org.testng.reporters.JUnitReportReporter -->
<testsuite hostname="Kumuads" failures="0" tests="1" name="testcases.TC09_ToverifyCreatedActivityToBeEditedTest" time="152.145" errors="0" timestamp="23 Jun 2022 06:13:32 GMT" skipped="0">
  <testcase classname="testcases.TC09_ToverifyCreatedActivityToBeEditedTest" name="ToverifyCreatedActivityEdited" time="152.145"/>
</testsuite> <!-- testcases.TC09_ToverifyCreatedActivityToBeEditedTest -->
