<?xml version="1.0" encoding="UTF-8"?>
<!-- Generated by org.testng.reporters.JUnitReportReporter -->
<testsuite hostname="Kumuads" failures="0" tests="1" name="testcases.TC01_ToverifyAccountIsCreatedTest" time="114.325" errors="0" timestamp="23 Jun 2022 09:21:17 GMT" skipped="0">
  <testcase classname="testcases.TC01_ToverifyAccountIsCreatedTest" name="ToverifyAccountIsCreated" time="114.325"/>
</testsuite> <!-- testcases.TC01_ToverifyAccountIsCreatedTest -->
